C:\도봉문화센터\190528-동부간선도로 관리사무소_SPlan.dwg,모형,2019-06-05 오후 3:24:02,leejw,PublishToWeb JPG.pc3,Sun 고해상도 (1600.00 x 1280.00 픽셀),1:75.375,
C:\도봉문화센터\190528-동부간선도로 관리사무소_SPlan.dwg,모형,2019-06-11 오전 10:16:57,leejw,PublishToWeb JPG.pc3,Sun 고해상도 (1600.00 x 1280.00 픽셀),1:75.375,
C:\도봉문화센터\190528-동부간선도로 관리사무소_SPlan.dwg,모형,2019-06-19 오전 7:13:02,leejw,PublishToWeb JPG.pc3,Sun 고해상도 (1600.00 x 1280.00 픽셀),1:74.9104,
C:\도봉문화센터\190528-동부간선도로 관리사무소_SPlan.dwg,모형,2019-06-24 오전 11:57:08,leejw,SINDOH D400 Series PCL,A3,1:310.592,
C:\도봉문화센터\190528-동부간선도로 관리사무소_SPlan.dwg,모형,2019-06-24 오전 11:57:16,leejw,SINDOH D400 Series PCL,A3,1:310.592,
C:\도봉문화센터\190528-동부간선도로 관리사무소_SPlan.dwg,모형,2019-06-24 오전 11:57:25,leejw,SINDOH D400 Series PCL,A3,1:310.592,
C:\도봉문화센터\190528-동부간선도로 관리사무소_SPlan.dwg,모형,2019-06-24 오전 11:57:32,leejw,SINDOH D400 Series PCL,A3,1:310.592,
C:\도봉문화센터\190528-동부간선도로 관리사무소_SPlan.dwg,모형,2019-06-24 오전 11:57:39,leejw,SINDOH D400 Series PCL,A3,1:310.592,
C:\도봉문화센터\190528-동부간선도로 관리사무소_SPlan.dwg,모형,2019-06-24 오전 11:57:47,leejw,SINDOH D400 Series PCL,A3,1:310.592,
C:\도봉문화센터\190528-동부간선도로 관리사무소_SPlan.dwg,모형,2019-06-24 오전 11:58:00,leejw,SINDOH D400 Series PCL,A3,1:207.061,
C:\도봉문화센터\190528-동부간선도로 관리사무소_SPlan.dwg,모형,2019-06-24 오전 11:58:08,leejw,SINDOH D400 Series PCL,A3,1:207.061,
C:\도봉문화센터\190528-동부간선도로 관리사무소_SPlan.dwg,모형,2019-06-24 오전 11:58:15,leejw,SINDOH D400 Series PCL,A3,1:207.061,
C:\도봉문화센터\설계도서\20190704\190603-동부간선도로 관리사무소-구조도면.dwg,Model,2019-07-10 오전 6:33:32,leejw,SINDOH D400 Series PCL,A3,1:310.592,
C:\도봉문화센터\설계도서\20190704\190603-동부간선도로 관리사무소-구조도면.dwg,Model,2019-07-10 오전 6:33:52,leejw,SINDOH D400 Series PCL,A3,1:310.592,
C:\도봉문화센터\설계도서\20190704\190603-동부간선도로 관리사무소-구조도면.dwg,Model,2019-07-10 오전 6:34:04,leejw,SINDOH D400 Series PCL,A3,1:310.592,
C:\도봉문화센터\설계도서\20190704\190603-동부간선도로 관리사무소-구조도면.dwg,Model,2019-07-10 오전 6:34:12,leejw,SINDOH D400 Series PCL,A3,1:310.592,
C:\도봉문화센터\설계도서\20190704\★20190603_도봉 어르신문화센터 허가정리.dwg,Model,2019-07-10 오전 6:36:31,leejw,SINDOH D400 Series PCL,A3,1:310.592,
C:\도봉문화센터\설계도서\20190704\★20190603_도봉 어르신문화센터 허가정리.dwg,Model,2019-07-10 오전 6:36:43,leejw,SINDOH D400 Series PCL,A3,1:310.592,
C:\도봉문화센터\설계도서\20190704\★20190603_도봉 어르신문화센터 허가정리.dwg,Model,2019-07-10 오전 6:36:54,leejw,SINDOH D400 Series PCL,A3,1:310.592,
C:\도봉문화센터\설계도서\20190704\★20190603_도봉 어르신문화센터 허가정리.dwg,Model,2019-07-10 오전 6:37:05,leejw,SINDOH D400 Series PCL,A3,1:310.592,
C:\도봉문화센터\설계도서\20190704\★20190603_도봉 어르신문화센터 허가정리.dwg,Model,2019-07-10 오전 6:37:18,leejw,SINDOH D400 Series PCL,A3,1:310.592,
C:\도봉문화센터\설계도서\20190704\★20190603_도봉 어르신문화센터 허가정리.dwg,Model,2019-07-10 오전 6:37:26,leejw,SINDOH D400 Series PCL,A3,1:310.592,
C:\도봉문화센터\설계도서\20190704\★20190603_도봉 어르신문화센터 허가정리.dwg,Model,2019-07-10 오전 6:37:33,leejw,SINDOH D400 Series PCL,A3,1:310.592,
C:\도봉문화센터\설계도서\20190704\★20190603_도봉 어르신문화센터 허가정리.dwg,Model,2019-07-10 오전 6:37:45,leejw,SINDOH D400 Series PCL,A3,1:310.592,
C:\도봉문화센터\설계도서\20190704\190603-동부간선도로 관리사무소-구조도면.dwg,Model,2019-07-10 오전 6:40:07,leejw,SINDOH D400 Series PCL,A3,1:310.592,
C:\도봉문화센터\설계도서\20190704\190603-동부간선도로 관리사무소-구조도면.dwg,Model,2019-07-10 오전 6:40:14,leejw,SINDOH D400 Series PCL,A3,1:310.592,
C:\도봉문화센터\설계도서\20190704\190603-동부간선도로 관리사무소-구조도면.dwg,Model,2019-07-10 오전 6:40:21,leejw,SINDOH D400 Series PCL,A3,1:310.592,
C:\도봉문화센터\설계도서\20190704\190603-동부간선도로 관리사무소-구조도면.dwg,Model,2019-07-10 오전 6:40:32,leejw,SINDOH D400 Series PCL,A3,1:310.592,
C:\도봉문화센터\설계도서\20190704\190603-동부간선도로 관리사무소-구조도면.dwg,Model,2019-07-10 오전 6:40:39,leejw,SINDOH D400 Series PCL,A3,1:310.592,
C:\도봉문화센터\설계도서\20190704\190603-동부간선도로 관리사무소-구조도면.dwg,Model,2019-07-10 오전 6:40:47,leejw,SINDOH D400 Series PCL,A3,1:310.592,
C:\도봉문화센터\설계도서\20190704\190603-동부간선도로 관리사무소-구조도면.dwg,Model,2019-07-10 오전 6:40:56,leejw,SINDOH D400 Series PCL,A3,1:310.592,
C:\도봉문화센터\설계도서\기존 구조물관련 도면\02_구조\02_구조\도면대비표_구조.dwg,모형,2019-07-16 오후 1:31:24,leejw,PublishToWeb JPG.pc3,Sun 고해상도 (1600.00 x 1280.00 픽셀),1:19.3648,
C:\도봉문화센터\설계도서\20190712\20190712_구조도.dwg,모형,2019-07-30 오후 12:36:04,leejw,PublishToWeb JPG.pc3,Sun 고해상도 (1600.00 x 1280.00 픽셀),1:52.5,
C:\도봉문화센터\설계도서\20190802_동부간선도로 실시설계 중간보고 검토용\구조\DWG\20190718_구조도.dwg,모형,2019-08-12 오후 2:08:49,leejw,PublishToWeb JPG.pc3,Sun 고해상도 (1600.00 x 1280.00 픽셀),1:50.25,
C:\도봉문화센터\초심\010-도봉문화센터(2019.8.12)-시스템비계&동바리.dwg,모형,2019-08-19 오전 8:28:57,leejw,SINDOH D400 Series PCLaa.pc3,A3,1:183.45,
C:\도봉문화센터\초심\010-도봉문화센터(2019.8.12)-시스템비계&동바리.dwg,모형,2019-08-19 오전 8:29:16,leejw,SINDOH D400 Series PCLaa.pc3,A3,1:183.45,
C:\도봉문화센터\초심\010-도봉문화센터(2019.8.12)-시스템비계&동바리.dwg,모형,2019-08-19 오전 8:31:41,leejw,SINDOH D400 Series PCLaa.pc3,A3,1:183.45,
C:\도봉문화센터\초심\010-도봉문화센터(2019.8.12)-시스템비계&동바리.dwg,모형,2019-08-19 오전 8:31:50,leejw,SINDOH D400 Series PCLaa.pc3,A3,1:183.45,
C:\도봉문화센터\설계도서\20190802_동부간선도로 실시설계 중간보고 검토용\건축\DWG\A-221~223 단면도_검토.dwg,모형,2019-08-19 오전 10:29:37,leejw,PublishToWeb JPG.pc3,Sun 고해상도 (1600.00 x 1280.00 픽셀),1:16.814,
C:\도봉문화센터\설계도서\20190802_동부간선도로 실시설계 중간보고 검토용\건축\DWG\A-221~223 단면도_검토.dwg,모형,2019-08-19 오전 10:30:44,leejw,PublishToWeb JPG.pc3,Sun 고해상도 (1600.00 x 1280.00 픽셀),1:13.229,
C:\도봉문화센터\설계도서\20190802_동부간선도로 실시설계 중간보고 검토용\구조\DWG\20190718_구조도.dwg,모형,2019-08-19 오전 11:04:41,leejw,SINDOH D400 Series PCLaaa.pc3,A3,1:51.7653,
C:\도봉문화센터\설계도서\20190712\20190712_구조도.dwg,모형,2019-08-27 오전 11:05:41,leejw,PublishToWeb JPG.pc3,Sun 고해상도 (1600.00 x 1280.00 픽셀),1:52.5,
